[kbplacer_plugin_action.py:65]: Plugin version: 0.12
[kbplacer_plugin_action.py:66]: Python version: '3.11.5 (main, Nov  3 2024, 06:58:22) [MSC v.1939 64 bit (AMD64)]'
[kbplacer_plugin_action.py:67]: KiCad version: 8.0.7 with 4.2.2 msw (phoenix) wxWidgets 3.2.6
[kbplacer_dialog.py:585]: Language: en
[kbplacer_plugin_action.py:75]: GUI state: {"layout_path": "C:\\Users\\Justin\\Downloads\\keyboard-layout(12).json", "key_distance": [19.05, 19.05], "key_info": {"annotation_format": "SW{}", "position_option": "Default", "position": {"x": 0.0, "y": 0.0, "orientation": 0.0, "side": "Front"}, "template_path": ""}, "enable_diode_placement": false, "route_switches_with_diodes": false, "optimize_diodes_orientation": false, "diode_info": {"annotation_format": "D{}", "position_option": "Default", "position": {"x": 5.08, "y": 3.03, "orientation": 90.0, "side": "Back"}, "template_path": ""}, "additional_elements": [{"annotation_format": "HE{}", "position_option": "Custom", "position": {"x": 0.0, "y": 0.0, "orientation": 90.0, "side": "Back"}, "template_path": ""}, {"annotation_format": "VR{}", "position_option": "Custom", "position": {"x": 2.3, "y": 0.0, "orientation": -90.0, "side": "Back"}, "template_path": ""}], "route_rows_and_columns": true, "template_path": "", "generate_outline": false, "outline_delta": 0.0}
[key_placer.py:361]: Set key 1U distance: 19050000/19050000
[key_placer.py:116]: Unexpected switch net position detected, each switch should have two unique nets unambiguously defining position in key matrix, switch-by-matrix association can't be used
[key_placer.py:123]: Switches by nets: {}
[key_placer.py:127]: Diodes by switch: {}
[board_modifier.py:64]: Searching for SW1 footprint in C:\Users\Justin\Documents\KiCad\HE75\HE75.kicad_pcb
[key_placer.py:557]: Looking for connection template between SW1 and other elements
[board_modifier.py:98]: Getting SW1 footprint position: (38100000, 38100000)
[key_placer.py:601]: Got connection template: 
[kle_serial.py:897]: User layout: [[{'a': 7}, 'ESC', {'a': 5}, '!\n1', '@\n2', '#\n3', '$\n4', '%\n5', '^\n6', '&\n7', '*\n8', '(\n9', ')\n0', '_\n-', '+\n=', {'a': 7}, 'BKSP', 'Del'], ['Tab', 'Q', 'W', 'E', 'R', 'T', 'Y', 'U', 'I', 'O', 'P', {'a': 5}, '{\n[', '}\n]', '|\n\\', {'a': 7}, 'Pg Up'], ['Caps Lock', 'A', 'S', 'D', 'F', 'G', 'H', 'J', 'K', 'L', {'a': 5}, ':\n;', '"\n\'', {'a': 7}, 'Enter', 'End', 'Pg Dn'], ['Shift', 'Z', 'X', 'C', 'V', 'B', 'N', 'M', {'a': 5}, '<\n,', '>\n.', '?\n/', {'a': 7}, 'Shift', 'Home', '&uarr;', 'Code'], ['FN', 'Ctrl', 'Win', 'Alt', {'c': '#228888', 't': '#cccccc'}, 'Sp', 'Sp', 'Sp', 'Sp', {'c': '#cccccc', 't': '#000000'}, 'Alt', 'Win', 'Ctrl', 'FN', '&larr;', '&darr;', '&rarr;'], [{'x': 4, 'c': '#228888', 't': '#cccccc', 'w': 2}, 'Sp', {'x': -1, 'w': 2}, 'Sp', {'x': -1, 'w': 2}, 'Sp']]
[key_placer.py:661]: Layout offset: (28575000, 28575000)
[board_modifier.py:85]: Setting SW1 footprint position: (38100000, 38100000)
[board_modifier.py:85]: Setting SW2 footprint position: (57150000, 38100000)
[board_modifier.py:85]: Setting SW3 footprint position: (76200000, 38100000)
[board_modifier.py:85]: Setting SW4 footprint position: (95250000, 38100000)
[board_modifier.py:85]: Setting SW5 footprint position: (114300000, 38100000)
[board_modifier.py:85]: Setting SW6 footprint position: (133350000, 38100000)
[board_modifier.py:85]: Setting SW7 footprint position: (152400000, 38100000)
[board_modifier.py:85]: Setting SW8 footprint position: (171450000, 38100000)
[board_modifier.py:85]: Setting SW9 footprint position: (190500000, 38100000)
[board_modifier.py:85]: Setting SW10 footprint position: (209550000, 38100000)
[board_modifier.py:85]: Setting SW11 footprint position: (228600000, 38100000)
[board_modifier.py:85]: Setting SW12 footprint position: (247650000, 38100000)
[board_modifier.py:85]: Setting SW13 footprint position: (266700000, 38100000)
[board_modifier.py:85]: Setting SW14 footprint position: (285750000, 38100000)
[board_modifier.py:85]: Setting SW15 footprint position: (304800000, 38100000)
[board_modifier.py:85]: Setting SW16 footprint position: (38100000, 57150000)
[board_modifier.py:85]: Setting SW17 footprint position: (57150000, 57150000)
[board_modifier.py:85]: Setting SW18 footprint position: (76200000, 57150000)
[board_modifier.py:85]: Setting SW19 footprint position: (95250000, 57150000)
[board_modifier.py:85]: Setting SW20 footprint position: (114300000, 57150000)
[board_modifier.py:85]: Setting SW21 footprint position: (133350000, 57150000)
[board_modifier.py:85]: Setting SW22 footprint position: (152400000, 57150000)
[board_modifier.py:85]: Setting SW23 footprint position: (171450000, 57150000)
[board_modifier.py:85]: Setting SW24 footprint position: (190500000, 57150000)
[board_modifier.py:85]: Setting SW25 footprint position: (209550000, 57150000)
[board_modifier.py:85]: Setting SW26 footprint position: (228600000, 57150000)
[board_modifier.py:85]: Setting SW27 footprint position: (247650000, 57150000)
[board_modifier.py:85]: Setting SW28 footprint position: (266700000, 57150000)
[board_modifier.py:85]: Setting SW29 footprint position: (285750000, 57150000)
[board_modifier.py:85]: Setting SW30 footprint position: (304800000, 57150000)
[board_modifier.py:85]: Setting SW31 footprint position: (38100000, 76200000)
[board_modifier.py:85]: Setting SW32 footprint position: (57150000, 76200000)
[board_modifier.py:85]: Setting SW33 footprint position: (76200000, 76200000)
[board_modifier.py:85]: Setting SW34 footprint position: (95250000, 76200000)
[board_modifier.py:85]: Setting SW35 footprint position: (114300000, 76200000)
[board_modifier.py:85]: Setting SW36 footprint position: (133350000, 76200000)
[board_modifier.py:85]: Setting SW37 footprint position: (152400000, 76200000)
[board_modifier.py:85]: Setting SW38 footprint position: (171450000, 76200000)
[board_modifier.py:85]: Setting SW39 footprint position: (190500000, 76200000)
[board_modifier.py:85]: Setting SW40 footprint position: (209550000, 76200000)
[board_modifier.py:85]: Setting SW41 footprint position: (228600000, 76200000)
[board_modifier.py:85]: Setting SW42 footprint position: (247650000, 76200000)
[board_modifier.py:85]: Setting SW43 footprint position: (266700000, 76200000)
[board_modifier.py:85]: Setting SW44 footprint position: (285750000, 76200000)
[board_modifier.py:85]: Setting SW45 footprint position: (304800000, 76200000)
[board_modifier.py:85]: Setting SW46 footprint position: (38100000, 95250000)
[board_modifier.py:85]: Setting SW47 footprint position: (57150000, 95250000)
[board_modifier.py:85]: Setting SW48 footprint position: (76200000, 95250000)
[board_modifier.py:85]: Setting SW49 footprint position: (95250000, 95250000)
[board_modifier.py:85]: Setting SW50 footprint position: (114300000, 95250000)
[board_modifier.py:85]: Setting SW51 footprint position: (133350000, 95250000)
[board_modifier.py:85]: Setting SW52 footprint position: (152400000, 95250000)
[board_modifier.py:85]: Setting SW53 footprint position: (171450000, 95250000)
[board_modifier.py:85]: Setting SW54 footprint position: (190500000, 95250000)
[board_modifier.py:85]: Setting SW55 footprint position: (209550000, 95250000)
[board_modifier.py:85]: Setting SW56 footprint position: (228600000, 95250000)
[board_modifier.py:85]: Setting SW57 footprint position: (247650000, 95250000)
[board_modifier.py:85]: Setting SW58 footprint position: (266700000, 95250000)
[board_modifier.py:85]: Setting SW59 footprint position: (285750000, 95250000)
[board_modifier.py:85]: Setting SW60 footprint position: (304800000, 95250000)
[board_modifier.py:85]: Setting SW61 footprint position: (38100000, 114300000)
[board_modifier.py:85]: Setting SW62 footprint position: (57150000, 114300000)
[board_modifier.py:85]: Setting SW63 footprint position: (76200000, 114300000)
[board_modifier.py:85]: Setting SW64 footprint position: (95250000, 114300000)
[board_modifier.py:85]: Setting SW65 footprint position: (114300000, 114300000)
[board_modifier.py:85]: Setting SW66 footprint position: (133350000, 114300000)
[board_modifier.py:85]: Setting SW67 footprint position: (152400000, 114300000)
[board_modifier.py:85]: Setting SW68 footprint position: (171450000, 114300000)
[board_modifier.py:85]: Setting SW69 footprint position: (190500000, 114300000)
[board_modifier.py:85]: Setting SW70 footprint position: (209550000, 114300000)
[board_modifier.py:85]: Setting SW71 footprint position: (228600000, 114300000)
[board_modifier.py:85]: Setting SW72 footprint position: (247650000, 114300000)
[board_modifier.py:85]: Setting SW73 footprint position: (266700000, 114300000)
[board_modifier.py:85]: Setting SW74 footprint position: (285750000, 114300000)
[board_modifier.py:85]: Setting SW75 footprint position: (304800000, 114300000)
[board_modifier.py:85]: Setting SW76 footprint position: (123825000, 133350000)
[board_modifier.py:85]: Setting SW77 footprint position: (142875000, 133350000)
[board_modifier.py:85]: Setting SW78 footprint position: (161925000, 133350000)
[key_placer.py:996]: Diode info: [ElementInfo(annotation_format='D{}', position_option=<PositionOption.UNCHANGED: 'Unchanged'>, position=ElementPosition(x=5.08, y=3.03, orientation=90.0, side=<Side.BACK: 'Back'>), template_path='')]
[key_placer.py:774]: Placing additional elements for SW63
[board_modifier.py:98]: Getting SW63 footprint position: (76200000, 114300000)
[board_modifier.py:75]: Searching for optional HE63 footprint in C:\Users\Justin\Documents\KiCad\HE75\HE75.kicad_pcb
[board_modifier.py:85]: Setting HE63 footprint position: (76200000, 114300000)
[board_modifier.py:75]: Searching for optional VR63 footprint in C:\Users\Justin\Documents\KiCad\HE75\HE75.kicad_pcb
[board_modifier.py:85]: Setting VR63 footprint position: (78500000, 114300000)
[key_placer.py:774]: Placing additional elements for SW42
[board_modifier.py:98]: Getting SW42 footprint position: (247650000, 76200000)
[board_modifier.py:75]: Searching for optional HE42 footprint in C:\Users\Justin\Documents\KiCad\HE75\HE75.kicad_pcb
[board_modifier.py:85]: Setting HE42 footprint position: (247650000, 76200000)
[board_modifier.py:75]: Searching for optional VR42 footprint in C:\Users\Justin\Documents\KiCad\HE75\HE75.kicad_pcb
[board_modifier.py:85]: Setting VR42 footprint position: (249950000, 76200000)
[key_placer.py:774]: Placing additional elements for SW51
[board_modifier.py:98]: Getting SW51 footprint position: (133350000, 95250000)
[board_modifier.py:75]: Searching for optional HE51 footprint in C:\Users\Justin\Documents\KiCad\HE75\HE75.kicad_pcb
[board_modifier.py:85]: Setting HE51 footprint position: (133350000, 95250000)
[board_modifier.py:75]: Searching for optional VR51 footprint in C:\Users\Justin\Documents\KiCad\HE75\HE75.kicad_pcb
[board_modifier.py:85]: Setting VR51 footprint position: (135650000, 95250000)
[key_placer.py:774]: Placing additional elements for SW57
[board_modifier.py:98]: Getting SW57 footprint position: (247650000, 95250000)
[board_modifier.py:75]: Searching for optional HE57 footprint in C:\Users\Justin\Documents\KiCad\HE75\HE75.kicad_pcb
[board_modifier.py:85]: Setting HE57 footprint position: (247650000, 95250000)
[board_modifier.py:75]: Searching for optional VR57 footprint in C:\Users\Justin\Documents\KiCad\HE75\HE75.kicad_pcb
[board_modifier.py:85]: Setting VR57 footprint position: (249950000, 95250000)
[key_placer.py:774]: Placing additional elements for SW19
[board_modifier.py:98]: Getting SW19 footprint position: (95250000, 57150000)
[board_modifier.py:75]: Searching for optional HE19 footprint in C:\Users\Justin\Documents\KiCad\HE75\HE75.kicad_pcb
[board_modifier.py:85]: Setting HE19 footprint position: (95250000, 57150000)
[board_modifier.py:75]: Searching for optional VR19 footprint in C:\Users\Justin\Documents\KiCad\HE75\HE75.kicad_pcb
[board_modifier.py:85]: Setting VR19 footprint position: (97550000, 57150000)
[key_placer.py:774]: Placing additional elements for SW41
[board_modifier.py:98]: Getting SW41 footprint position: (228600000, 76200000)
[board_modifier.py:75]: Searching for optional HE41 footprint in C:\Users\Justin\Documents\KiCad\HE75\HE75.kicad_pcb
[board_modifier.py:85]: Setting HE41 footprint position: (228600000, 76200000)
[board_modifier.py:75]: Searching for optional VR41 footprint in C:\Users\Justin\Documents\KiCad\HE75\HE75.kicad_pcb
[board_modifier.py:85]: Setting VR41 footprint position: (230900000, 76200000)
[key_placer.py:774]: Placing additional elements for SW61
[board_modifier.py:98]: Getting SW61 footprint position: (38100000, 114300000)
[board_modifier.py:75]: Searching for optional HE61 footprint in C:\Users\Justin\Documents\KiCad\HE75\HE75.kicad_pcb
[board_modifier.py:85]: Setting HE61 footprint position: (38100000, 114300000)
[board_modifier.py:75]: Searching for optional VR61 footprint in C:\Users\Justin\Documents\KiCad\HE75\HE75.kicad_pcb
[board_modifier.py:85]: Setting VR61 footprint position: (40400000, 114300000)
[key_placer.py:774]: Placing additional elements for SW46
[board_modifier.py:98]: Getting SW46 footprint position: (38100000, 95250000)
[board_modifier.py:75]: Searching for optional HE46 footprint in C:\Users\Justin\Documents\KiCad\HE75\HE75.kicad_pcb
[board_modifier.py:85]: Setting HE46 footprint position: (38100000, 95250000)
[board_modifier.py:75]: Searching for optional VR46 footprint in C:\Users\Justin\Documents\KiCad\HE75\HE75.kicad_pcb
[board_modifier.py:85]: Setting VR46 footprint position: (40400000, 95250000)
[key_placer.py:774]: Placing additional elements for SW44
[board_modifier.py:98]: Getting SW44 footprint position: (285750000, 76200000)
[board_modifier.py:75]: Searching for optional HE44 footprint in C:\Users\Justin\Documents\KiCad\HE75\HE75.kicad_pcb
[board_modifier.py:85]: Setting HE44 footprint position: (285750000, 76200000)
[board_modifier.py:75]: Searching for optional VR44 footprint in C:\Users\Justin\Documents\KiCad\HE75\HE75.kicad_pcb
[board_modifier.py:85]: Setting VR44 footprint position: (288050000, 76200000)
[key_placer.py:774]: Placing additional elements for SW38
[board_modifier.py:98]: Getting SW38 footprint position: (171450000, 76200000)
[board_modifier.py:75]: Searching for optional HE38 footprint in C:\Users\Justin\Documents\KiCad\HE75\HE75.kicad_pcb
[board_modifier.py:85]: Setting HE38 footprint position: (171450000, 76200000)
[board_modifier.py:75]: Searching for optional VR38 footprint in C:\Users\Justin\Documents\KiCad\HE75\HE75.kicad_pcb
[board_modifier.py:85]: Setting VR38 footprint position: (173750000, 76200000)
[key_placer.py:774]: Placing additional elements for SW27
[board_modifier.py:98]: Getting SW27 footprint position: (247650000, 57150000)
[board_modifier.py:75]: Searching for optional HE27 footprint in C:\Users\Justin\Documents\KiCad\HE75\HE75.kicad_pcb
[board_modifier.py:85]: Setting HE27 footprint position: (247650000, 57150000)
[board_modifier.py:75]: Searching for optional VR27 footprint in C:\Users\Justin\Documents\KiCad\HE75\HE75.kicad_pcb
[board_modifier.py:85]: Setting VR27 footprint position: (249950000, 57150000)
[key_placer.py:774]: Placing additional elements for SW39
[board_modifier.py:98]: Getting SW39 footprint position: (190500000, 76200000)
[board_modifier.py:75]: Searching for optional HE39 footprint in C:\Users\Justin\Documents\KiCad\HE75\HE75.kicad_pcb
[board_modifier.py:85]: Setting HE39 footprint position: (190500000, 76200000)
[board_modifier.py:75]: Searching for optional VR39 footprint in C:\Users\Justin\Documents\KiCad\HE75\HE75.kicad_pcb
[board_modifier.py:85]: Setting VR39 footprint position: (192800000, 76200000)
[key_placer.py:774]: Placing additional elements for SW23
[board_modifier.py:98]: Getting SW23 footprint position: (171450000, 57150000)
[board_modifier.py:75]: Searching for optional HE23 footprint in C:\Users\Justin\Documents\KiCad\HE75\HE75.kicad_pcb
[board_modifier.py:85]: Setting HE23 footprint position: (171450000, 57150000)
[board_modifier.py:75]: Searching for optional VR23 footprint in C:\Users\Justin\Documents\KiCad\HE75\HE75.kicad_pcb
[board_modifier.py:85]: Setting VR23 footprint position: (173750000, 57150000)
[key_placer.py:774]: Placing additional elements for SW53
[board_modifier.py:98]: Getting SW53 footprint position: (171450000, 95250000)
[board_modifier.py:75]: Searching for optional HE53 footprint in C:\Users\Justin\Documents\KiCad\HE75\HE75.kicad_pcb
[board_modifier.py:85]: Setting HE53 footprint position: (171450000, 95250000)
[board_modifier.py:75]: Searching for optional VR53 footprint in C:\Users\Justin\Documents\KiCad\HE75\HE75.kicad_pcb
[board_modifier.py:85]: Setting VR53 footprint position: (173750000, 95250000)
[key_placer.py:774]: Placing additional elements for SW47
[board_modifier.py:98]: Getting SW47 footprint position: (57150000, 95250000)
[board_modifier.py:75]: Searching for optional HE47 footprint in C:\Users\Justin\Documents\KiCad\HE75\HE75.kicad_pcb
[board_modifier.py:85]: Setting HE47 footprint position: (57150000, 95250000)
[board_modifier.py:75]: Searching for optional VR47 footprint in C:\Users\Justin\Documents\KiCad\HE75\HE75.kicad_pcb
[board_modifier.py:85]: Setting VR47 footprint position: (59450000, 95250000)
[key_placer.py:774]: Placing additional elements for SW45
[board_modifier.py:98]: Getting SW45 footprint position: (304800000, 76200000)
[board_modifier.py:75]: Searching for optional HE45 footprint in C:\Users\Justin\Documents\KiCad\HE75\HE75.kicad_pcb
[board_modifier.py:85]: Setting HE45 footprint position: (304800000, 76200000)
[board_modifier.py:75]: Searching for optional VR45 footprint in C:\Users\Justin\Documents\KiCad\HE75\HE75.kicad_pcb
[board_modifier.py:85]: Setting VR45 footprint position: (307100000, 76200000)
[key_placer.py:774]: Placing additional elements for SW18
[board_modifier.py:98]: Getting SW18 footprint position: (76200000, 57150000)
[board_modifier.py:75]: Searching for optional HE18 footprint in C:\Users\Justin\Documents\KiCad\HE75\HE75.kicad_pcb
[board_modifier.py:85]: Setting HE18 footprint position: (76200000, 57150000)
[board_modifier.py:75]: Searching for optional VR18 footprint in C:\Users\Justin\Documents\KiCad\HE75\HE75.kicad_pcb
[board_modifier.py:85]: Setting VR18 footprint position: (78500000, 57150000)
[key_placer.py:774]: Placing additional elements for SW9
[board_modifier.py:98]: Getting SW9 footprint position: (190500000, 38100000)
[board_modifier.py:75]: Searching for optional HE9 footprint in C:\Users\Justin\Documents\KiCad\HE75\HE75.kicad_pcb
[board_modifier.py:85]: Setting HE9 footprint position: (190500000, 38100000)
[board_modifier.py:75]: Searching for optional VR9 footprint in C:\Users\Justin\Documents\KiCad\HE75\HE75.kicad_pcb
[board_modifier.py:85]: Setting VR9 footprint position: (192800000, 38100000)
[key_placer.py:774]: Placing additional elements for SW24
[board_modifier.py:98]: Getting SW24 footprint position: (190500000, 57150000)
[board_modifier.py:75]: Searching for optional HE24 footprint in C:\Users\Justin\Documents\KiCad\HE75\HE75.kicad_pcb
[board_modifier.py:85]: Setting HE24 footprint position: (190500000, 57150000)
[board_modifier.py:75]: Searching for optional VR24 footprint in C:\Users\Justin\Documents\KiCad\HE75\HE75.kicad_pcb
[board_modifier.py:85]: Setting VR24 footprint position: (192800000, 57150000)
[key_placer.py:774]: Placing additional elements for SW4
[board_modifier.py:98]: Getting SW4 footprint position: (95250000, 38100000)
[board_modifier.py:75]: Searching for optional HE4 footprint in C:\Users\Justin\Documents\KiCad\HE75\HE75.kicad_pcb
[board_modifier.py:85]: Setting HE4 footprint position: (95250000, 38100000)
[board_modifier.py:75]: Searching for optional VR4 footprint in C:\Users\Justin\Documents\KiCad\HE75\HE75.kicad_pcb
[board_modifier.py:85]: Setting VR4 footprint position: (97550000, 38100000)
[key_placer.py:774]: Placing additional elements for SW62
[board_modifier.py:98]: Getting SW62 footprint position: (57150000, 114300000)
[board_modifier.py:75]: Searching for optional HE62 footprint in C:\Users\Justin\Documents\KiCad\HE75\HE75.kicad_pcb
[board_modifier.py:85]: Setting HE62 footprint position: (57150000, 114300000)
[board_modifier.py:75]: Searching for optional VR62 footprint in C:\Users\Justin\Documents\KiCad\HE75\HE75.kicad_pcb
[board_modifier.py:85]: Setting VR62 footprint position: (59450000, 114300000)
[key_placer.py:774]: Placing additional elements for SW43
[board_modifier.py:98]: Getting SW43 footprint position: (266700000, 76200000)
[board_modifier.py:75]: Searching for optional HE43 footprint in C:\Users\Justin\Documents\KiCad\HE75\HE75.kicad_pcb
[board_modifier.py:85]: Setting HE43 footprint position: (266700000, 76200000)
[board_modifier.py:75]: Searching for optional VR43 footprint in C:\Users\Justin\Documents\KiCad\HE75\HE75.kicad_pcb
[board_modifier.py:85]: Setting VR43 footprint position: (269000000, 76200000)
[key_placer.py:774]: Placing additional elements for SW77
[board_modifier.py:98]: Getting SW77 footprint position: (142875000, 133350000)
[board_modifier.py:75]: Searching for optional HE77 footprint in C:\Users\Justin\Documents\KiCad\HE75\HE75.kicad_pcb
[board_modifier.py:85]: Setting HE77 footprint position: (142875000, 133350000)
[board_modifier.py:75]: Searching for optional VR77 footprint in C:\Users\Justin\Documents\KiCad\HE75\HE75.kicad_pcb
[board_modifier.py:85]: Setting VR77 footprint position: (145175000, 133350000)
[key_placer.py:774]: Placing additional elements for SW72
[board_modifier.py:98]: Getting SW72 footprint position: (247650000, 114300000)
[board_modifier.py:75]: Searching for optional HE72 footprint in C:\Users\Justin\Documents\KiCad\HE75\HE75.kicad_pcb
[board_modifier.py:85]: Setting HE72 footprint position: (247650000, 114300000)
[board_modifier.py:75]: Searching for optional VR72 footprint in C:\Users\Justin\Documents\KiCad\HE75\HE75.kicad_pcb
[board_modifier.py:85]: Setting VR72 footprint position: (249950000, 114300000)
[key_placer.py:774]: Placing additional elements for SW12
[board_modifier.py:98]: Getting SW12 footprint position: (247650000, 38100000)
[board_modifier.py:75]: Searching for optional HE12 footprint in C:\Users\Justin\Documents\KiCad\HE75\HE75.kicad_pcb
[board_modifier.py:85]: Setting HE12 footprint position: (247650000, 38100000)
[board_modifier.py:75]: Searching for optional VR12 footprint in C:\Users\Justin\Documents\KiCad\HE75\HE75.kicad_pcb
[board_modifier.py:85]: Setting VR12 footprint position: (249950000, 38100000)
[key_placer.py:774]: Placing additional elements for SW52
[board_modifier.py:98]: Getting SW52 footprint position: (152400000, 95250000)
[board_modifier.py:75]: Searching for optional HE52 footprint in C:\Users\Justin\Documents\KiCad\HE75\HE75.kicad_pcb
[board_modifier.py:85]: Setting HE52 footprint position: (152400000, 95250000)
[board_modifier.py:75]: Searching for optional VR52 footprint in C:\Users\Justin\Documents\KiCad\HE75\HE75.kicad_pcb
[board_modifier.py:85]: Setting VR52 footprint position: (154700000, 95250000)
[key_placer.py:774]: Placing additional elements for SW36
[board_modifier.py:98]: Getting SW36 footprint position: (133350000, 76200000)
[board_modifier.py:75]: Searching for optional HE36 footprint in C:\Users\Justin\Documents\KiCad\HE75\HE75.kicad_pcb
[board_modifier.py:85]: Setting HE36 footprint position: (133350000, 76200000)
[board_modifier.py:75]: Searching for optional VR36 footprint in C:\Users\Justin\Documents\KiCad\HE75\HE75.kicad_pcb
[board_modifier.py:85]: Setting VR36 footprint position: (135650000, 76200000)
[key_placer.py:774]: Placing additional elements for SW2
[board_modifier.py:98]: Getting SW2 footprint position: (57150000, 38100000)
[board_modifier.py:75]: Searching for optional HE2 footprint in C:\Users\Justin\Documents\KiCad\HE75\HE75.kicad_pcb
[board_modifier.py:85]: Setting HE2 footprint position: (57150000, 38100000)
[board_modifier.py:75]: Searching for optional VR2 footprint in C:\Users\Justin\Documents\KiCad\HE75\HE75.kicad_pcb
[board_modifier.py:85]: Setting VR2 footprint position: (59450000, 38100000)
[key_placer.py:774]: Placing additional elements for SW26
[board_modifier.py:98]: Getting SW26 footprint position: (228600000, 57150000)
[board_modifier.py:75]: Searching for optional HE26 footprint in C:\Users\Justin\Documents\KiCad\HE75\HE75.kicad_pcb
[board_modifier.py:85]: Setting HE26 footprint position: (228600000, 57150000)
[board_modifier.py:75]: Searching for optional VR26 footprint in C:\Users\Justin\Documents\KiCad\HE75\HE75.kicad_pcb
[board_modifier.py:85]: Setting VR26 footprint position: (230900000, 57150000)
[key_placer.py:774]: Placing additional elements for SW1
[board_modifier.py:98]: Getting SW1 footprint position: (38100000, 38100000)
[board_modifier.py:75]: Searching for optional HE1 footprint in C:\Users\Justin\Documents\KiCad\HE75\HE75.kicad_pcb
[board_modifier.py:85]: Setting HE1 footprint position: (38100000, 38100000)
[board_modifier.py:75]: Searching for optional VR1 footprint in C:\Users\Justin\Documents\KiCad\HE75\HE75.kicad_pcb
[board_modifier.py:85]: Setting VR1 footprint position: (40400000, 38100000)
[key_placer.py:774]: Placing additional elements for SW16
[board_modifier.py:98]: Getting SW16 footprint position: (38100000, 57150000)
[board_modifier.py:75]: Searching for optional HE16 footprint in C:\Users\Justin\Documents\KiCad\HE75\HE75.kicad_pcb
[board_modifier.py:85]: Setting HE16 footprint position: (38100000, 57150000)
[board_modifier.py:75]: Searching for optional VR16 footprint in C:\Users\Justin\Documents\KiCad\HE75\HE75.kicad_pcb
[board_modifier.py:85]: Setting VR16 footprint position: (40400000, 57150000)
[key_placer.py:774]: Placing additional elements for SW55
[board_modifier.py:98]: Getting SW55 footprint position: (209550000, 95250000)
[board_modifier.py:75]: Searching for optional HE55 footprint in C:\Users\Justin\Documents\KiCad\HE75\HE75.kicad_pcb
[board_modifier.py:85]: Setting HE55 footprint position: (209550000, 95250000)
[board_modifier.py:75]: Searching for optional VR55 footprint in C:\Users\Justin\Documents\KiCad\HE75\HE75.kicad_pcb
[board_modifier.py:85]: Setting VR55 footprint position: (211850000, 95250000)
[key_placer.py:774]: Placing additional elements for SW54
[board_modifier.py:98]: Getting SW54 footprint position: (190500000, 95250000)
[board_modifier.py:75]: Searching for optional HE54 footprint in C:\Users\Justin\Documents\KiCad\HE75\HE75.kicad_pcb
[board_modifier.py:85]: Setting HE54 footprint position: (190500000, 95250000)
[board_modifier.py:75]: Searching for optional VR54 footprint in C:\Users\Justin\Documents\KiCad\HE75\HE75.kicad_pcb
[board_modifier.py:85]: Setting VR54 footprint position: (192800000, 95250000)
[key_placer.py:774]: Placing additional elements for SW74
[board_modifier.py:98]: Getting SW74 footprint position: (285750000, 114300000)
[board_modifier.py:75]: Searching for optional HE74 footprint in C:\Users\Justin\Documents\KiCad\HE75\HE75.kicad_pcb
[board_modifier.py:85]: Setting HE74 footprint position: (285750000, 114300000)
[board_modifier.py:75]: Searching for optional VR74 footprint in C:\Users\Justin\Documents\KiCad\HE75\HE75.kicad_pcb
[board_modifier.py:85]: Setting VR74 footprint position: (288050000, 114300000)
[key_placer.py:774]: Placing additional elements for SW25
[board_modifier.py:98]: Getting SW25 footprint position: (209550000, 57150000)
[board_modifier.py:75]: Searching for optional HE25 footprint in C:\Users\Justin\Documents\KiCad\HE75\HE75.kicad_pcb
[board_modifier.py:85]: Setting HE25 footprint position: (209550000, 57150000)
[board_modifier.py:75]: Searching for optional VR25 footprint in C:\Users\Justin\Documents\KiCad\HE75\HE75.kicad_pcb
[board_modifier.py:85]: Setting VR25 footprint position: (211850000, 57150000)
[key_placer.py:774]: Placing additional elements for SW64
[board_modifier.py:98]: Getting SW64 footprint position: (95250000, 114300000)
[board_modifier.py:75]: Searching for optional HE64 footprint in C:\Users\Justin\Documents\KiCad\HE75\HE75.kicad_pcb
[board_modifier.py:85]: Setting HE64 footprint position: (95250000, 114300000)
[board_modifier.py:75]: Searching for optional VR64 footprint in C:\Users\Justin\Documents\KiCad\HE75\HE75.kicad_pcb
[board_modifier.py:85]: Setting VR64 footprint position: (97550000, 114300000)
[key_placer.py:774]: Placing additional elements for SW71
[board_modifier.py:98]: Getting SW71 footprint position: (228600000, 114300000)
[board_modifier.py:75]: Searching for optional HE71 footprint in C:\Users\Justin\Documents\KiCad\HE75\HE75.kicad_pcb
[board_modifier.py:85]: Setting HE71 footprint position: (228600000, 114300000)
[board_modifier.py:75]: Searching for optional VR71 footprint in C:\Users\Justin\Documents\KiCad\HE75\HE75.kicad_pcb
[board_modifier.py:85]: Setting VR71 footprint position: (230900000, 114300000)
[key_placer.py:774]: Placing additional elements for SW29
[board_modifier.py:98]: Getting SW29 footprint position: (285750000, 57150000)
[board_modifier.py:75]: Searching for optional HE29 footprint in C:\Users\Justin\Documents\KiCad\HE75\HE75.kicad_pcb
[board_modifier.py:85]: Setting HE29 footprint position: (285750000, 57150000)
[board_modifier.py:75]: Searching for optional VR29 footprint in C:\Users\Justin\Documents\KiCad\HE75\HE75.kicad_pcb
[board_modifier.py:85]: Setting VR29 footprint position: (288050000, 57150000)
[key_placer.py:774]: Placing additional elements for SW65
[board_modifier.py:98]: Getting SW65 footprint position: (114300000, 114300000)
[board_modifier.py:75]: Searching for optional HE65 footprint in C:\Users\Justin\Documents\KiCad\HE75\HE75.kicad_pcb
[board_modifier.py:85]: Setting HE65 footprint position: (114300000, 114300000)
[board_modifier.py:75]: Searching for optional VR65 footprint in C:\Users\Justin\Documents\KiCad\HE75\HE75.kicad_pcb
[board_modifier.py:85]: Setting VR65 footprint position: (116600000, 114300000)
[key_placer.py:774]: Placing additional elements for SW56
[board_modifier.py:98]: Getting SW56 footprint position: (228600000, 95250000)
[board_modifier.py:75]: Searching for optional HE56 footprint in C:\Users\Justin\Documents\KiCad\HE75\HE75.kicad_pcb
[board_modifier.py:85]: Setting HE56 footprint position: (228600000, 95250000)
[board_modifier.py:75]: Searching for optional VR56 footprint in C:\Users\Justin\Documents\KiCad\HE75\HE75.kicad_pcb
[board_modifier.py:85]: Setting VR56 footprint position: (230900000, 95250000)
[key_placer.py:774]: Placing additional elements for SW60
[board_modifier.py:98]: Getting SW60 footprint position: (304800000, 95250000)
[board_modifier.py:75]: Searching for optional HE60 footprint in C:\Users\Justin\Documents\KiCad\HE75\HE75.kicad_pcb
[board_modifier.py:85]: Setting HE60 footprint position: (304800000, 95250000)
[board_modifier.py:75]: Searching for optional VR60 footprint in C:\Users\Justin\Documents\KiCad\HE75\HE75.kicad_pcb
[board_modifier.py:85]: Setting VR60 footprint position: (307100000, 95250000)
[key_placer.py:774]: Placing additional elements for SW17
[board_modifier.py:98]: Getting SW17 footprint position: (57150000, 57150000)
[board_modifier.py:75]: Searching for optional HE17 footprint in C:\Users\Justin\Documents\KiCad\HE75\HE75.kicad_pcb
[board_modifier.py:85]: Setting HE17 footprint position: (57150000, 57150000)
[board_modifier.py:75]: Searching for optional VR17 footprint in C:\Users\Justin\Documents\KiCad\HE75\HE75.kicad_pcb
[board_modifier.py:85]: Setting VR17 footprint position: (59450000, 57150000)
[key_placer.py:774]: Placing additional elements for SW76
[board_modifier.py:98]: Getting SW76 footprint position: (123825000, 133350000)
[board_modifier.py:75]: Searching for optional HE76 footprint in C:\Users\Justin\Documents\KiCad\HE75\HE75.kicad_pcb
[board_modifier.py:85]: Setting HE76 footprint position: (123825000, 133350000)
[board_modifier.py:75]: Searching for optional VR76 footprint in C:\Users\Justin\Documents\KiCad\HE75\HE75.kicad_pcb
[board_modifier.py:85]: Setting VR76 footprint position: (126125000, 133350000)
[key_placer.py:774]: Placing additional elements for SW75
[board_modifier.py:98]: Getting SW75 footprint position: (304800000, 114300000)
[board_modifier.py:75]: Searching for optional HE75 footprint in C:\Users\Justin\Documents\KiCad\HE75\HE75.kicad_pcb
[board_modifier.py:85]: Setting HE75 footprint position: (304800000, 114300000)
[board_modifier.py:75]: Searching for optional VR75 footprint in C:\Users\Justin\Documents\KiCad\HE75\HE75.kicad_pcb
[board_modifier.py:85]: Setting VR75 footprint position: (307100000, 114300000)
[key_placer.py:774]: Placing additional elements for SW78
[board_modifier.py:98]: Getting SW78 footprint position: (161925000, 133350000)
[board_modifier.py:75]: Searching for optional HE78 footprint in C:\Users\Justin\Documents\KiCad\HE75\HE75.kicad_pcb
[board_modifier.py:85]: Setting HE78 footprint position: (161925000, 133350000)
[board_modifier.py:75]: Searching for optional VR78 footprint in C:\Users\Justin\Documents\KiCad\HE75\HE75.kicad_pcb
[board_modifier.py:85]: Setting VR78 footprint position: (164225000, 133350000)
[key_placer.py:774]: Placing additional elements for SW33
[board_modifier.py:98]: Getting SW33 footprint position: (76200000, 76200000)
[board_modifier.py:75]: Searching for optional HE33 footprint in C:\Users\Justin\Documents\KiCad\HE75\HE75.kicad_pcb
[board_modifier.py:85]: Setting HE33 footprint position: (76200000, 76200000)
[board_modifier.py:75]: Searching for optional VR33 footprint in C:\Users\Justin\Documents\KiCad\HE75\HE75.kicad_pcb
[board_modifier.py:85]: Setting VR33 footprint position: (78500000, 76200000)
[key_placer.py:774]: Placing additional elements for SW14
[board_modifier.py:98]: Getting SW14 footprint position: (285750000, 38100000)
[board_modifier.py:75]: Searching for optional HE14 footprint in C:\Users\Justin\Documents\KiCad\HE75\HE75.kicad_pcb
[board_modifier.py:85]: Setting HE14 footprint position: (285750000, 38100000)
[board_modifier.py:75]: Searching for optional VR14 footprint in C:\Users\Justin\Documents\KiCad\HE75\HE75.kicad_pcb
[board_modifier.py:85]: Setting VR14 footprint position: (288050000, 38100000)
[key_placer.py:774]: Placing additional elements for SW15
[board_modifier.py:98]: Getting SW15 footprint position: (304800000, 38100000)
[board_modifier.py:75]: Searching for optional HE15 footprint in C:\Users\Justin\Documents\KiCad\HE75\HE75.kicad_pcb
[board_modifier.py:85]: Setting HE15 footprint position: (304800000, 38100000)
[board_modifier.py:75]: Searching for optional VR15 footprint in C:\Users\Justin\Documents\KiCad\HE75\HE75.kicad_pcb
[board_modifier.py:85]: Setting VR15 footprint position: (307100000, 38100000)
[key_placer.py:774]: Placing additional elements for SW20
[board_modifier.py:98]: Getting SW20 footprint position: (114300000, 57150000)
[board_modifier.py:75]: Searching for optional HE20 footprint in C:\Users\Justin\Documents\KiCad\HE75\HE75.kicad_pcb
[board_modifier.py:85]: Setting HE20 footprint position: (114300000, 57150000)
[board_modifier.py:75]: Searching for optional VR20 footprint in C:\Users\Justin\Documents\KiCad\HE75\HE75.kicad_pcb
[board_modifier.py:85]: Setting VR20 footprint position: (116600000, 57150000)
[key_placer.py:774]: Placing additional elements for SW49
[board_modifier.py:98]: Getting SW49 footprint position: (95250000, 95250000)
[board_modifier.py:75]: Searching for optional HE49 footprint in C:\Users\Justin\Documents\KiCad\HE75\HE75.kicad_pcb
[board_modifier.py:85]: Setting HE49 footprint position: (95250000, 95250000)
[board_modifier.py:75]: Searching for optional VR49 footprint in C:\Users\Justin\Documents\KiCad\HE75\HE75.kicad_pcb
[board_modifier.py:85]: Setting VR49 footprint position: (97550000, 95250000)
[key_placer.py:774]: Placing additional elements for SW28
[board_modifier.py:98]: Getting SW28 footprint position: (266700000, 57150000)
[board_modifier.py:75]: Searching for optional HE28 footprint in C:\Users\Justin\Documents\KiCad\HE75\HE75.kicad_pcb
[board_modifier.py:85]: Setting HE28 footprint position: (266700000, 57150000)
[board_modifier.py:75]: Searching for optional VR28 footprint in C:\Users\Justin\Documents\KiCad\HE75\HE75.kicad_pcb
[board_modifier.py:85]: Setting VR28 footprint position: (269000000, 57150000)
[key_placer.py:774]: Placing additional elements for SW37
[board_modifier.py:98]: Getting SW37 footprint position: (152400000, 76200000)
[board_modifier.py:75]: Searching for optional HE37 footprint in C:\Users\Justin\Documents\KiCad\HE75\HE75.kicad_pcb
[board_modifier.py:85]: Setting HE37 footprint position: (152400000, 76200000)
[board_modifier.py:75]: Searching for optional VR37 footprint in C:\Users\Justin\Documents\KiCad\HE75\HE75.kicad_pcb
[board_modifier.py:85]: Setting VR37 footprint position: (154700000, 76200000)
[key_placer.py:774]: Placing additional elements for SW11
[board_modifier.py:98]: Getting SW11 footprint position: (228600000, 38100000)
[board_modifier.py:75]: Searching for optional HE11 footprint in C:\Users\Justin\Documents\KiCad\HE75\HE75.kicad_pcb
[board_modifier.py:85]: Setting HE11 footprint position: (228600000, 38100000)
[board_modifier.py:75]: Searching for optional VR11 footprint in C:\Users\Justin\Documents\KiCad\HE75\HE75.kicad_pcb
[board_modifier.py:85]: Setting VR11 footprint position: (230900000, 38100000)
[key_placer.py:774]: Placing additional elements for SW40
[board_modifier.py:98]: Getting SW40 footprint position: (209550000, 76200000)
[board_modifier.py:75]: Searching for optional HE40 footprint in C:\Users\Justin\Documents\KiCad\HE75\HE75.kicad_pcb
[board_modifier.py:85]: Setting HE40 footprint position: (209550000, 76200000)
[board_modifier.py:75]: Searching for optional VR40 footprint in C:\Users\Justin\Documents\KiCad\HE75\HE75.kicad_pcb
[board_modifier.py:85]: Setting VR40 footprint position: (211850000, 76200000)
[key_placer.py:774]: Placing additional elements for SW68
[board_modifier.py:98]: Getting SW68 footprint position: (171450000, 114300000)
[board_modifier.py:75]: Searching for optional HE68 footprint in C:\Users\Justin\Documents\KiCad\HE75\HE75.kicad_pcb
[board_modifier.py:85]: Setting HE68 footprint position: (171450000, 114300000)
[board_modifier.py:75]: Searching for optional VR68 footprint in C:\Users\Justin\Documents\KiCad\HE75\HE75.kicad_pcb
[board_modifier.py:85]: Setting VR68 footprint position: (173750000, 114300000)
[key_placer.py:774]: Placing additional elements for SW5
[board_modifier.py:98]: Getting SW5 footprint position: (114300000, 38100000)
[board_modifier.py:75]: Searching for optional HE5 footprint in C:\Users\Justin\Documents\KiCad\HE75\HE75.kicad_pcb
[board_modifier.py:85]: Setting HE5 footprint position: (114300000, 38100000)
[board_modifier.py:75]: Searching for optional VR5 footprint in C:\Users\Justin\Documents\KiCad\HE75\HE75.kicad_pcb
[board_modifier.py:85]: Setting VR5 footprint position: (116600000, 38100000)
[key_placer.py:774]: Placing additional elements for SW31
[board_modifier.py:98]: Getting SW31 footprint position: (38100000, 76200000)
[board_modifier.py:75]: Searching for optional HE31 footprint in C:\Users\Justin\Documents\KiCad\HE75\HE75.kicad_pcb
[board_modifier.py:85]: Setting HE31 footprint position: (38100000, 76200000)
[board_modifier.py:75]: Searching for optional VR31 footprint in C:\Users\Justin\Documents\KiCad\HE75\HE75.kicad_pcb
[board_modifier.py:85]: Setting VR31 footprint position: (40400000, 76200000)
[key_placer.py:774]: Placing additional elements for SW70
[board_modifier.py:98]: Getting SW70 footprint position: (209550000, 114300000)
[board_modifier.py:75]: Searching for optional HE70 footprint in C:\Users\Justin\Documents\KiCad\HE75\HE75.kicad_pcb
[board_modifier.py:85]: Setting HE70 footprint position: (209550000, 114300000)
[board_modifier.py:75]: Searching for optional VR70 footprint in C:\Users\Justin\Documents\KiCad\HE75\HE75.kicad_pcb
[board_modifier.py:85]: Setting VR70 footprint position: (211850000, 114300000)
[key_placer.py:774]: Placing additional elements for SW69
[board_modifier.py:98]: Getting SW69 footprint position: (190500000, 114300000)
[board_modifier.py:75]: Searching for optional HE69 footprint in C:\Users\Justin\Documents\KiCad\HE75\HE75.kicad_pcb
[board_modifier.py:85]: Setting HE69 footprint position: (190500000, 114300000)
[board_modifier.py:75]: Searching for optional VR69 footprint in C:\Users\Justin\Documents\KiCad\HE75\HE75.kicad_pcb
[board_modifier.py:85]: Setting VR69 footprint position: (192800000, 114300000)
[key_placer.py:774]: Placing additional elements for SW35
[board_modifier.py:98]: Getting SW35 footprint position: (114300000, 76200000)
[board_modifier.py:75]: Searching for optional HE35 footprint in C:\Users\Justin\Documents\KiCad\HE75\HE75.kicad_pcb
[board_modifier.py:85]: Setting HE35 footprint position: (114300000, 76200000)
[board_modifier.py:75]: Searching for optional VR35 footprint in C:\Users\Justin\Documents\KiCad\HE75\HE75.kicad_pcb
[board_modifier.py:85]: Setting VR35 footprint position: (116600000, 76200000)
[key_placer.py:774]: Placing additional elements for SW73
[board_modifier.py:98]: Getting SW73 footprint position: (266700000, 114300000)
[board_modifier.py:75]: Searching for optional HE73 footprint in C:\Users\Justin\Documents\KiCad\HE75\HE75.kicad_pcb
[board_modifier.py:85]: Setting HE73 footprint position: (266700000, 114300000)
[board_modifier.py:75]: Searching for optional VR73 footprint in C:\Users\Justin\Documents\KiCad\HE75\HE75.kicad_pcb
[board_modifier.py:85]: Setting VR73 footprint position: (269000000, 114300000)
[key_placer.py:774]: Placing additional elements for SW59
[board_modifier.py:98]: Getting SW59 footprint position: (285750000, 95250000)
[board_modifier.py:75]: Searching for optional HE59 footprint in C:\Users\Justin\Documents\KiCad\HE75\HE75.kicad_pcb
[board_modifier.py:85]: Setting HE59 footprint position: (285750000, 95250000)
[board_modifier.py:75]: Searching for optional VR59 footprint in C:\Users\Justin\Documents\KiCad\HE75\HE75.kicad_pcb
[board_modifier.py:85]: Setting VR59 footprint position: (288050000, 95250000)
[key_placer.py:774]: Placing additional elements for SW10
[board_modifier.py:98]: Getting SW10 footprint position: (209550000, 38100000)
[board_modifier.py:75]: Searching for optional HE10 footprint in C:\Users\Justin\Documents\KiCad\HE75\HE75.kicad_pcb
[board_modifier.py:85]: Setting HE10 footprint position: (209550000, 38100000)
[board_modifier.py:75]: Searching for optional VR10 footprint in C:\Users\Justin\Documents\KiCad\HE75\HE75.kicad_pcb
[board_modifier.py:85]: Setting VR10 footprint position: (211850000, 38100000)
[key_placer.py:774]: Placing additional elements for SW7
[board_modifier.py:98]: Getting SW7 footprint position: (152400000, 38100000)
[board_modifier.py:75]: Searching for optional HE7 footprint in C:\Users\Justin\Documents\KiCad\HE75\HE75.kicad_pcb
[board_modifier.py:85]: Setting HE7 footprint position: (152400000, 38100000)
[board_modifier.py:75]: Searching for optional VR7 footprint in C:\Users\Justin\Documents\KiCad\HE75\HE75.kicad_pcb
[board_modifier.py:85]: Setting VR7 footprint position: (154700000, 38100000)
[key_placer.py:774]: Placing additional elements for SW22
[board_modifier.py:98]: Getting SW22 footprint position: (152400000, 57150000)
[board_modifier.py:75]: Searching for optional HE22 footprint in C:\Users\Justin\Documents\KiCad\HE75\HE75.kicad_pcb
[board_modifier.py:85]: Setting HE22 footprint position: (152400000, 57150000)
[board_modifier.py:75]: Searching for optional VR22 footprint in C:\Users\Justin\Documents\KiCad\HE75\HE75.kicad_pcb
[board_modifier.py:85]: Setting VR22 footprint position: (154700000, 57150000)
[key_placer.py:774]: Placing additional elements for SW6
[board_modifier.py:98]: Getting SW6 footprint position: (133350000, 38100000)
[board_modifier.py:75]: Searching for optional HE6 footprint in C:\Users\Justin\Documents\KiCad\HE75\HE75.kicad_pcb
[board_modifier.py:85]: Setting HE6 footprint position: (133350000, 38100000)
[board_modifier.py:75]: Searching for optional VR6 footprint in C:\Users\Justin\Documents\KiCad\HE75\HE75.kicad_pcb
[board_modifier.py:85]: Setting VR6 footprint position: (135650000, 38100000)
[key_placer.py:774]: Placing additional elements for SW66
[board_modifier.py:98]: Getting SW66 footprint position: (133350000, 114300000)
[board_modifier.py:75]: Searching for optional HE66 footprint in C:\Users\Justin\Documents\KiCad\HE75\HE75.kicad_pcb
[board_modifier.py:85]: Setting HE66 footprint position: (133350000, 114300000)
[board_modifier.py:75]: Searching for optional VR66 footprint in C:\Users\Justin\Documents\KiCad\HE75\HE75.kicad_pcb
[board_modifier.py:85]: Setting VR66 footprint position: (135650000, 114300000)
[key_placer.py:774]: Placing additional elements for SW30
[board_modifier.py:98]: Getting SW30 footprint position: (304800000, 57150000)
[board_modifier.py:75]: Searching for optional HE30 footprint in C:\Users\Justin\Documents\KiCad\HE75\HE75.kicad_pcb
[board_modifier.py:85]: Setting HE30 footprint position: (304800000, 57150000)
[board_modifier.py:75]: Searching for optional VR30 footprint in C:\Users\Justin\Documents\KiCad\HE75\HE75.kicad_pcb
[board_modifier.py:85]: Setting VR30 footprint position: (307100000, 57150000)
[key_placer.py:774]: Placing additional elements for SW67
[board_modifier.py:98]: Getting SW67 footprint position: (152400000, 114300000)
[board_modifier.py:75]: Searching for optional HE67 footprint in C:\Users\Justin\Documents\KiCad\HE75\HE75.kicad_pcb
[board_modifier.py:85]: Setting HE67 footprint position: (152400000, 114300000)
[board_modifier.py:75]: Searching for optional VR67 footprint in C:\Users\Justin\Documents\KiCad\HE75\HE75.kicad_pcb
[board_modifier.py:85]: Setting VR67 footprint position: (154700000, 114300000)
[key_placer.py:774]: Placing additional elements for SW21
[board_modifier.py:98]: Getting SW21 footprint position: (133350000, 57150000)
[board_modifier.py:75]: Searching for optional HE21 footprint in C:\Users\Justin\Documents\KiCad\HE75\HE75.kicad_pcb
[board_modifier.py:85]: Setting HE21 footprint position: (133350000, 57150000)
[board_modifier.py:75]: Searching for optional VR21 footprint in C:\Users\Justin\Documents\KiCad\HE75\HE75.kicad_pcb
[board_modifier.py:85]: Setting VR21 footprint position: (135650000, 57150000)
[key_placer.py:774]: Placing additional elements for SW58
[board_modifier.py:98]: Getting SW58 footprint position: (266700000, 95250000)
[board_modifier.py:75]: Searching for optional HE58 footprint in C:\Users\Justin\Documents\KiCad\HE75\HE75.kicad_pcb
[board_modifier.py:85]: Setting HE58 footprint position: (266700000, 95250000)
[board_modifier.py:75]: Searching for optional VR58 footprint in C:\Users\Justin\Documents\KiCad\HE75\HE75.kicad_pcb
[board_modifier.py:85]: Setting VR58 footprint position: (269000000, 95250000)
[key_placer.py:774]: Placing additional elements for SW50
[board_modifier.py:98]: Getting SW50 footprint position: (114300000, 95250000)
[board_modifier.py:75]: Searching for optional HE50 footprint in C:\Users\Justin\Documents\KiCad\HE75\HE75.kicad_pcb
[board_modifier.py:85]: Setting HE50 footprint position: (114300000, 95250000)
[board_modifier.py:75]: Searching for optional VR50 footprint in C:\Users\Justin\Documents\KiCad\HE75\HE75.kicad_pcb
[board_modifier.py:85]: Setting VR50 footprint position: (116600000, 95250000)
[key_placer.py:774]: Placing additional elements for SW3
[board_modifier.py:98]: Getting SW3 footprint position: (76200000, 38100000)
[board_modifier.py:75]: Searching for optional HE3 footprint in C:\Users\Justin\Documents\KiCad\HE75\HE75.kicad_pcb
[board_modifier.py:85]: Setting HE3 footprint position: (76200000, 38100000)
[board_modifier.py:75]: Searching for optional VR3 footprint in C:\Users\Justin\Documents\KiCad\HE75\HE75.kicad_pcb
[board_modifier.py:85]: Setting VR3 footprint position: (78500000, 38100000)
[key_placer.py:774]: Placing additional elements for SW13
[board_modifier.py:98]: Getting SW13 footprint position: (266700000, 38100000)
[board_modifier.py:75]: Searching for optional HE13 footprint in C:\Users\Justin\Documents\KiCad\HE75\HE75.kicad_pcb
[board_modifier.py:85]: Setting HE13 footprint position: (266700000, 38100000)
[board_modifier.py:75]: Searching for optional VR13 footprint in C:\Users\Justin\Documents\KiCad\HE75\HE75.kicad_pcb
[board_modifier.py:85]: Setting VR13 footprint position: (269000000, 38100000)
[key_placer.py:774]: Placing additional elements for SW48
[board_modifier.py:98]: Getting SW48 footprint position: (76200000, 95250000)
[board_modifier.py:75]: Searching for optional HE48 footprint in C:\Users\Justin\Documents\KiCad\HE75\HE75.kicad_pcb
[board_modifier.py:85]: Setting HE48 footprint position: (76200000, 95250000)
[board_modifier.py:75]: Searching for optional VR48 footprint in C:\Users\Justin\Documents\KiCad\HE75\HE75.kicad_pcb
[board_modifier.py:85]: Setting VR48 footprint position: (78500000, 95250000)
[key_placer.py:774]: Placing additional elements for SW8
[board_modifier.py:98]: Getting SW8 footprint position: (171450000, 38100000)
[board_modifier.py:75]: Searching for optional HE8 footprint in C:\Users\Justin\Documents\KiCad\HE75\HE75.kicad_pcb
[board_modifier.py:85]: Setting HE8 footprint position: (171450000, 38100000)
[board_modifier.py:75]: Searching for optional VR8 footprint in C:\Users\Justin\Documents\KiCad\HE75\HE75.kicad_pcb
[board_modifier.py:85]: Setting VR8 footprint position: (173750000, 38100000)
[key_placer.py:774]: Placing additional elements for SW34
[board_modifier.py:98]: Getting SW34 footprint position: (95250000, 76200000)
[board_modifier.py:75]: Searching for optional HE34 footprint in C:\Users\Justin\Documents\KiCad\HE75\HE75.kicad_pcb
[board_modifier.py:85]: Setting HE34 footprint position: (95250000, 76200000)
[board_modifier.py:75]: Searching for optional VR34 footprint in C:\Users\Justin\Documents\KiCad\HE75\HE75.kicad_pcb
[board_modifier.py:85]: Setting VR34 footprint position: (97550000, 76200000)
[key_placer.py:774]: Placing additional elements for SW32
[board_modifier.py:98]: Getting SW32 footprint position: (57150000, 76200000)
[board_modifier.py:75]: Searching for optional HE32 footprint in C:\Users\Justin\Documents\KiCad\HE75\HE75.kicad_pcb
[board_modifier.py:85]: Setting HE32 footprint position: (57150000, 76200000)
[board_modifier.py:75]: Searching for optional VR32 footprint in C:\Users\Justin\Documents\KiCad\HE75\HE75.kicad_pcb
[board_modifier.py:85]: Setting VR32 footprint position: (59450000, 76200000)
[key_placer.py:457]: Removing dangling tracks
[key_placer.py:469]: Removing 00f2d635-cdd7-4884-99ab-7e9155f4da78
[key_placer.py:469]: Removing 079c472a-dd48-4419-ada6-354a9a6eb3d6
[key_placer.py:469]: Removing 023befd4-5d6c-4c52-861a-0cf76c54fd47
[key_placer.py:469]: Removing 4b597fc9-a3cb-4ac7-9cfc-6d26609314cc
[key_placer.py:469]: Removing 03311f70-a872-46d7-8fd8-b26998755ec7
[key_placer.py:469]: Removing bde86786-fb12-47ce-9a1f-120489025ee2
[key_placer.py:469]: Removing 0acc1e3e-97aa-4cfb-923a-0f41598d2309
[key_placer.py:469]: Removing 7ba55c78-8246-40f3-bb0c-be0f7ab682cd
[key_placer.py:469]: Removing 770470e0-0b0d-4e16-affe-e4cc3d13205a
[key_placer.py:469]: Removing 0c92fdf9-0032-4d87-ba8d-5a2dd4e04553
[key_placer.py:469]: Removing c8a8b0a1-3308-413b-8734-e5d36a82f7e9
[key_placer.py:469]: Removing 11f2cf8f-13e4-40cc-a321-f5b67c9d1ce2
[key_placer.py:469]: Removing 108b476b-9b13-4237-88d8-64f7b31a7e4f
[key_placer.py:469]: Removing c998673b-10aa-4c19-a646-5e1b6ed8f745
[key_placer.py:469]: Removing 4ce99827-106e-43d7-b5f1-b103a3c3d3f3
[key_placer.py:469]: Removing 175c0f8b-ab72-4a8e-be15-8a3e9af25a7e
[key_placer.py:469]: Removing 17a0d25f-235b-46de-b0b6-c5ddccaff83d
[key_placer.py:469]: Removing dcad41b0-9acc-4c56-9e17-857f02b102b1
[key_placer.py:469]: Removing 8b1ce144-e9de-4673-987b-065822c6cfaa
[key_placer.py:469]: Removing 1c8e8cc5-7c0d-4ccc-a073-fb1efdbbcd0e
[key_placer.py:469]: Removing bfbd9309-1314-4457-aa3f-81293cfba3ba
[key_placer.py:469]: Removing 5cc275f1-4bf3-465f-aa36-50158fc0d23a
[key_placer.py:469]: Removing 42605f36-2015-4a84-9f2b-c773c011c07b
[key_placer.py:469]: Removing c7b5e8a9-594f-4509-b9b1-63c87db6b76f
[key_placer.py:469]: Removing 6136b49e-335d-4a63-bc95-31e97a232cf3
[key_placer.py:469]: Removing 32d8d827-ad38-465d-9832-643e718153e3
[key_placer.py:469]: Removing 368e14af-475e-41b0-9e4d-4935e23937ea
[key_placer.py:469]: Removing 6cdac955-3315-472e-a9e7-0073bd0c3689
[key_placer.py:469]: Removing 38564473-582f-4777-9d1c-3f831fb09add
[key_placer.py:469]: Removing e559568a-00f2-4a1a-b75f-836bc33e8b48
[key_placer.py:469]: Removing 4299092c-1631-4560-a6ec-8ca3770c7f90
[key_placer.py:469]: Removing 43fa89cc-0234-4557-b251-28a9d960d30d
[key_placer.py:469]: Removing 86629408-b563-4ca1-aab8-b51c7b64f6f0
[key_placer.py:469]: Removing 53e0ffc3-03a6-4981-9579-1a45f9f4c542
[key_placer.py:469]: Removing 55b97a51-3980-4a59-b60e-e0d708a8094c
[key_placer.py:469]: Removing 7fe2da16-bbc9-4cc5-8f21-94fca26d8f7b
[key_placer.py:469]: Removing 59a0c001-e486-45d3-b986-4b4e89cb806c
[key_placer.py:469]: Removing 5ac60275-747f-4c3b-9ee8-b910b036fb9a
[key_placer.py:469]: Removing 5e4a331e-9499-4040-9f77-40e77f2ca481
[key_placer.py:469]: Removing 5f13c8ba-9735-4651-89ee-0488cee46930
[key_placer.py:469]: Removing 6592727d-bf9f-4c14-9631-80722eaa9e0e
[key_placer.py:469]: Removing 65b0ce5a-a8c0-43db-ad7a-071fb8528b78
[key_placer.py:469]: Removing 82e30628-1841-4d42-b3c6-270f68a84a2a
[key_placer.py:469]: Removing 67723a5f-dad5-478e-b18d-4b0140eb4675
[key_placer.py:469]: Removing 741eb604-e51b-4cb2-ae65-86e49c9e0b0b
[key_placer.py:469]: Removing 84c8839c-7258-449a-887e-d294c20e5914
[key_placer.py:469]: Removing c3beaac0-3413-4210-8f3e-0436fdbbf732
[key_placer.py:469]: Removing db59f75b-6378-49ff-a481-8fc0ecdb5147
[key_placer.py:469]: Removing 8dee6f50-cd02-47e8-9173-e741358d18aa
[key_placer.py:469]: Removing 9d2b891c-a010-4c34-a6c3-5cac132bed30
[key_placer.py:469]: Removing 8f7cd7cb-4cf4-499e-8d87-52ad85eb9376
[key_placer.py:469]: Removing 902e96e4-127c-49fb-b3f0-01f0f22f4138
[key_placer.py:469]: Removing 96ac6bb1-9d4a-44c4-80ce-e7b41cec62b2
[key_placer.py:469]: Removing 9aef3ea3-09ec-4f8e-bc99-93eb5ae69954
[key_placer.py:469]: Removing b009dc01-74af-47f9-8c89-7d3c0b85fedd
[key_placer.py:469]: Removing a6de4d24-5b6d-4f21-aaea-849a4eba3491
[key_placer.py:469]: Removing c3849bb4-67bf-4c31-be44-96f44170d1ae
[key_placer.py:469]: Removing c4856e8e-8ade-4660-a751-882a04a6ff26
[key_placer.py:469]: Removing d0a79085-4fc8-4820-a0c2-8217b42fb5b0
[key_placer.py:469]: Removing cc5e4417-8170-4772-837c-d4c391f42e35
[key_placer.py:469]: Removing d265f6af-5e8e-44ca-823f-c4a62675ba49
[key_placer.py:469]: Removing d9d9095a-9470-4f87-b094-e7facc0f27ea
[key_placer.py:469]: Removing daf8321b-b8b8-4506-90af-9e819dcbdb7a
[key_placer.py:469]: Removing dc323e34-0e8b-451d-b9eb-6743a96cd2cf
[key_placer.py:469]: Removing e17cb4fe-bfe9-482d-95d2-7dbb5e53cac5
[key_placer.py:469]: Removing e4b431ff-7a2a-4a11-9e70-b791a0734242
[key_placer.py:469]: Removing e60af19a-b430-4a6e-bfe6-9cea76bb6cb8
[key_placer.py:469]: Removing ec30e773-913c-4b91-bbae-38ed31299ebb
[key_placer.py:469]: Removing eefdc975-8959-4f64-8fa2-b6a2aac0f28a
[key_placer.py:469]: Removing f32f5581-e844-4b91-ae39-7a3ab765a62e
[key_placer.py:469]: Removing f3649a07-1151-45ea-9377-92a18386f68a
[key_placer.py:469]: Removing fe0cab38-2b8e-4e35-b540-f19e67b94e17
[key_placer.py:457]: Removing dangling tracks
